<?xml version="1.0" encoding="UTF-8"?>
<!-- Generated by org.testng.reporters.JUnitXMLReporter -->
<testsuite ignored="0" hostname="LPT-411" failures="0" tests="4" name="Default test" time="48.05" errors="0" timestamp="2021-05-07T17:39:12 IST">
  <testcase classname="E2Eproject.Homepage" name="homepagenavigation" time="6.053"/>
  <testcase classname="E2Eproject.Homepage" name="homepagenavigation" time="5.902"/>
  <testcase classname="E2Eproject.validationNavbar" name="navigationBar" time="0.122"/>
  <testcase classname="E2Eproject.validateTitle" name="validation" time="0.085"/>
</testsuite> <!-- Default test -->
